<?xml version="1.0" encoding="UTF-8"?>
<testng-results skipped="0" failed="0" ignored="0" total="1" passed="1">
  <reporter-output>
  </reporter-output>
  <suite name="Default suite" duration-ms="17982" started-at="2019-11-20T06:51:49Z" finished-at="2019-11-20T06:52:07Z">
    <groups>
    </groups>
    <test name="Default test" duration-ms="17982" started-at="2019-11-20T06:51:49Z" finished-at="2019-11-20T06:52:07Z">
      <class name="PageOM.NewTest">
        <test-method status="PASS" signature="f()[pri:0, instance:PageOM.NewTest@101b7af]" name="f" duration-ms="17931" started-at="2019-11-20T06:51:49Z" finished-at="2019-11-20T06:52:07Z">
          <reporter-output>
          </reporter-output>
        </test-method> <!-- f -->
      </class> <!-- PageOM.NewTest -->
    </test> <!-- Default test -->
  </suite> <!-- Default suite -->
</testng-results>
